2025-09-12 13:50:22 [ERROR]: uncaughtException: ⨯ Unable to compile TypeScript:
src/middleware/auth.ts(110,17): error TS2304: Cannot find name 'userId'.
src/middleware/auth.ts(111,20): error TS2552: Cannot find name 'projectId'. Did you mean 'Project'?

TSError: ⨯ Unable to compile TypeScript:
src/middleware/auth.ts(110,17): error TS2304: Cannot find name 'userId'.
src/middleware/auth.ts(111,20): error TS2552: Cannot find name 'projectId'. Did you mean 'Project'?

    at createTSError (/home/lucas/projects/active/daily_use/project-manager/backend/node_modules/ts-node/src/index.ts:859:12)
    at reportTSError (/home/lucas/projects/active/daily_use/project-manager/backend/node_modules/ts-node/src/index.ts:863:19)
    at getOutput (/home/lucas/projects/active/daily_use/project-manager/backend/node_modules/ts-node/src/index.ts:1077:36)
    at Object.compile (/home/lucas/projects/active/daily_use/project-manager/backend/node_modules/ts-node/src/index.ts:1433:41)
    at Module.m._compile (/home/lucas/projects/active/daily_use/project-manager/backend/node_modules/ts-node/src/index.ts:1617:30)
    at node:internal/modules/cjs/loader:1895:10
    at Object.require.extensions.<computed> [as .ts] (/home/lucas/projects/active/daily_use/project-manager/backend/node_modules/ts-node/src/index.ts:1621:12)
    at Module.load (node:internal/modules/cjs/loader:1465:32)
    at Function._load (node:internal/modules/cjs/loader:1282:12)
    at TracingChannel.traceSync (node:diagnostics_channel:322:14) | {"error":{"diagnosticCodes":[2304,2552]},"exception":true,"date":"Fri Sep 12 2025 13:50:22 GMT-0700 (Pacific Daylight Time)","process":{"pid":897166,"uid":1000,"gid":1000,"cwd":"/home/lucas/projects/active/daily_use/project-manager/backend","execPath":"/usr/bin/node","version":"v22.16.0","argv":["/home/lucas/projects/active/daily_use/project-manager/backend/node_modules/.bin/ts-node","/home/lucas/projects/active/daily_use/project-manager/backend/src/app.ts"],"memoryUsage":{"rss":422162432,"heapTotal":325320704,"heapUsed":296689544,"external":26347304,"arrayBuffers":23224606}},"os":{"loadavg":[1.75,1.11,0.54],"uptime":237077.19},"trace":[{"column":12,"file":"/home/lucas/projects/active/daily_use/project-manager/backend/node_modules/ts-node/src/index.ts","function":"createTSError","line":859,"method":null,"native":false},{"column":19,"file":"/home/lucas/projects/active/daily_use/project-manager/backend/node_modules/ts-node/src/index.ts","function":"reportTSError","line":863,"method":null,"native":false},{"column":36,"file":"/home/lucas/projects/active/daily_use/project-manager/backend/node_modules/ts-node/src/index.ts","function":"getOutput","line":1077,"method":null,"native":false},{"column":41,"file":"/home/lucas/projects/active/daily_use/project-manager/backend/node_modules/ts-node/src/index.ts","function":"Object.compile","line":1433,"method":"compile","native":false},{"column":30,"file":"/home/lucas/projects/active/daily_use/project-manager/backend/node_modules/ts-node/src/index.ts","function":"Module.m._compile","line":1617,"method":"_compile","native":false},{"column":10,"file":"node:internal/modules/cjs/loader","function":null,"line":1895,"method":null,"native":false},{"column":12,"file":"/home/lucas/projects/active/daily_use/project-manager/backend/node_modules/ts-node/src/index.ts","function":"Object.require.extensions.<computed> [as .ts]","line":1621,"method":"ts]","native":false},{"column":32,"file":"node:internal/modules/cjs/loader","function":"Module.load","line":1465,"method":"load","native":false},{"column":12,"file":"node:internal/modules/cjs/loader","function":"Function._load","line":1282,"method":"_load","native":false},{"column":14,"file":"node:diagnostics_channel","function":"TracingChannel.traceSync","line":322,"method":"traceSync","native":false}],"service":"dev-codex-backend","environment":"development"}
TSError: ⨯ Unable to compile TypeScript:
src/middleware/auth.ts(110,17): error TS2304: Cannot find name 'userId'.
src/middleware/auth.ts(111,20): error TS2552: Cannot find name 'projectId'. Did you mean 'Project'?

    at createTSError (/home/lucas/projects/active/daily_use/project-manager/backend/node_modules/ts-node/src/index.ts:859:12)
    at reportTSError (/home/lucas/projects/active/daily_use/project-manager/backend/node_modules/ts-node/src/index.ts:863:19)
    at getOutput (/home/lucas/projects/active/daily_use/project-manager/backend/node_modules/ts-node/src/index.ts:1077:36)
    at Object.compile (/home/lucas/projects/active/daily_use/project-manager/backend/node_modules/ts-node/src/index.ts:1433:41)
    at Module.m._compile (/home/lucas/projects/active/daily_use/project-manager/backend/node_modules/ts-node/src/index.ts:1617:30)
    at node:internal/modules/cjs/loader:1895:10
    at Object.require.extensions.<computed> [as .ts] (/home/lucas/projects/active/daily_use/project-manager/backend/node_modules/ts-node/src/index.ts:1621:12)
    at Module.load (node:internal/modules/cjs/loader:1465:32)
    at Function._load (node:internal/modules/cjs/loader:1282:12)
    at TracingChannel.traceSync (node:diagnostics_channel:322:14)
2025-09-12 13:50:28 [ERROR]: uncaughtException: ⨯ Unable to compile TypeScript:
src/middleware/auth.ts(110,17): error TS2304: Cannot find name 'userId'.
src/middleware/auth.ts(111,20): error TS2552: Cannot find name 'projectId'. Did you mean 'Project'?

TSError: ⨯ Unable to compile TypeScript:
src/middleware/auth.ts(110,17): error TS2304: Cannot find name 'userId'.
src/middleware/auth.ts(111,20): error TS2552: Cannot find name 'projectId'. Did you mean 'Project'?

    at createTSError (/home/lucas/projects/active/daily_use/project-manager/backend/node_modules/ts-node/src/index.ts:859:12)
    at reportTSError (/home/lucas/projects/active/daily_use/project-manager/backend/node_modules/ts-node/src/index.ts:863:19)
    at getOutput (/home/lucas/projects/active/daily_use/project-manager/backend/node_modules/ts-node/src/index.ts:1077:36)
    at Object.compile (/home/lucas/projects/active/daily_use/project-manager/backend/node_modules/ts-node/src/index.ts:1433:41)
    at Module.m._compile (/home/lucas/projects/active/daily_use/project-manager/backend/node_modules/ts-node/src/index.ts:1617:30)
    at node:internal/modules/cjs/loader:1895:10
    at Object.require.extensions.<computed> [as .ts] (/home/lucas/projects/active/daily_use/project-manager/backend/node_modules/ts-node/src/index.ts:1621:12)
    at Module.load (node:internal/modules/cjs/loader:1465:32)
    at Function._load (node:internal/modules/cjs/loader:1282:12)
    at TracingChannel.traceSync (node:diagnostics_channel:322:14) | {"error":{"diagnosticCodes":[2304,2552]},"exception":true,"date":"Fri Sep 12 2025 13:50:28 GMT-0700 (Pacific Daylight Time)","process":{"pid":897286,"uid":1000,"gid":1000,"cwd":"/home/lucas/projects/active/daily_use/project-manager/backend","execPath":"/usr/bin/node","version":"v22.16.0","argv":["/home/lucas/projects/active/daily_use/project-manager/backend/node_modules/.bin/ts-node","/home/lucas/projects/active/daily_use/project-manager/backend/src/app.ts"],"memoryUsage":{"rss":422195200,"heapTotal":325058560,"heapUsed":296738176,"external":26329551,"arrayBuffers":23265625}},"os":{"loadavg":[1.85,1.14,0.55],"uptime":237083.44},"trace":[{"column":12,"file":"/home/lucas/projects/active/daily_use/project-manager/backend/node_modules/ts-node/src/index.ts","function":"createTSError","line":859,"method":null,"native":false},{"column":19,"file":"/home/lucas/projects/active/daily_use/project-manager/backend/node_modules/ts-node/src/index.ts","function":"reportTSError","line":863,"method":null,"native":false},{"column":36,"file":"/home/lucas/projects/active/daily_use/project-manager/backend/node_modules/ts-node/src/index.ts","function":"getOutput","line":1077,"method":null,"native":false},{"column":41,"file":"/home/lucas/projects/active/daily_use/project-manager/backend/node_modules/ts-node/src/index.ts","function":"Object.compile","line":1433,"method":"compile","native":false},{"column":30,"file":"/home/lucas/projects/active/daily_use/project-manager/backend/node_modules/ts-node/src/index.ts","function":"Module.m._compile","line":1617,"method":"_compile","native":false},{"column":10,"file":"node:internal/modules/cjs/loader","function":null,"line":1895,"method":null,"native":false},{"column":12,"file":"/home/lucas/projects/active/daily_use/project-manager/backend/node_modules/ts-node/src/index.ts","function":"Object.require.extensions.<computed> [as .ts]","line":1621,"method":"ts]","native":false},{"column":32,"file":"node:internal/modules/cjs/loader","function":"Module.load","line":1465,"method":"load","native":false},{"column":12,"file":"node:internal/modules/cjs/loader","function":"Function._load","line":1282,"method":"_load","native":false},{"column":14,"file":"node:diagnostics_channel","function":"TracingChannel.traceSync","line":322,"method":"traceSync","native":false}],"service":"dev-codex-backend","environment":"development"}
TSError: ⨯ Unable to compile TypeScript:
src/middleware/auth.ts(110,17): error TS2304: Cannot find name 'userId'.
src/middleware/auth.ts(111,20): error TS2552: Cannot find name 'projectId'. Did you mean 'Project'?

    at createTSError (/home/lucas/projects/active/daily_use/project-manager/backend/node_modules/ts-node/src/index.ts:859:12)
    at reportTSError (/home/lucas/projects/active/daily_use/project-manager/backend/node_modules/ts-node/src/index.ts:863:19)
    at getOutput (/home/lucas/projects/active/daily_use/project-manager/backend/node_modules/ts-node/src/index.ts:1077:36)
    at Object.compile (/home/lucas/projects/active/daily_use/project-manager/backend/node_modules/ts-node/src/index.ts:1433:41)
    at Module.m._compile (/home/lucas/projects/active/daily_use/project-manager/backend/node_modules/ts-node/src/index.ts:1617:30)
    at node:internal/modules/cjs/loader:1895:10
    at Object.require.extensions.<computed> [as .ts] (/home/lucas/projects/active/daily_use/project-manager/backend/node_modules/ts-node/src/index.ts:1621:12)
    at Module.load (node:internal/modules/cjs/loader:1465:32)
    at Function._load (node:internal/modules/cjs/loader:1282:12)
    at TracingChannel.traceSync (node:diagnostics_channel:322:14)
